2016-06-29T09:24:05.877Z - info: No teams found to migrate
2016-06-29T09:24:05.881Z - info: Found legacy settings: {}
2016-06-29T09:24:05.882Z - info: LOAD_LEGACY : {
  "updated": {
    "settings": {
      "hasMigratedData": {
        "renderer": true
      }
    }
  }
}
2016-06-29T09:24:07.456Z - info: SET_NETWORK_STATUS : "online"
2016-06-29T09:24:07.489Z - info: Checking network connection to Slack...
2016-06-29T09:24:47.687Z - info: Bugsnag user: U0NL30SRL
2016-06-29T09:29:08.855Z - info: CLICK_NOTIFICATION : {
  "notificationId": "a460778a-44cc-4335-bce4-3100141de220",
  "channel": "",
  "teamId": "T0JJT3CN9"
}
2016-06-29T09:29:14.734Z - info: CLICK_NOTIFICATION : {
  "notificationId": "0f37efa6-6d43-4f02-8357-3e70cbe7ca47",
  "channel": "",
  "teamId": "T0JJT3CN9"
}
2016-06-29T14:44:55.659Z - info: CLICK_NOTIFICATION : {
  "notificationId": "90bf5d9a-48de-4265-8b32-9a9c9875acd1",
  "channel": "C0JJXBFD4",
  "teamId": "T0JJT3CN9"
}
2016-06-29T14:44:57.368Z - info: CLICK_NOTIFICATION : {
  "notificationId": "d7e02d8b-59a1-43fc-9450-38cf36b649d6",
  "channel": "C0JJXBFD4",
  "teamId": "T0JJT3CN9"
}
